Traceback (most recent call last):
  File "/opt/anaconda3/envs/aciar/lib/python3.11/site-packages/jupyter_cache/executors/utils.py", line 58, in single_nb_execution
    executenb(
  File "/opt/anaconda3/envs/aciar/lib/python3.11/site-packages/nbclient/client.py", line 1314, in execute
    return NotebookClient(nb=nb, resources=resources, km=km, **kwargs).execute()
           ^^^^^^^^^^^^^^^^^^^^^^^^^^^^^^^^^^^^^^^^^^^^^^^^^^^^^^^^^^^^^^^^^^^^^
  File "/opt/anaconda3/envs/aciar/lib/python3.11/site-packages/jupyter_core/utils/__init__.py", line 173, in wrapped
    return loop.run_until_complete(inner)
           ^^^^^^^^^^^^^^^^^^^^^^^^^^^^^^
  File "/opt/anaconda3/envs/aciar/lib/python3.11/asyncio/base_events.py", line 653, in run_until_complete
    return future.result()
           ^^^^^^^^^^^^^^^
  File "/opt/anaconda3/envs/aciar/lib/python3.11/site-packages/nbclient/client.py", line 709, in async_execute
    await self.async_execute_cell(
  File "/opt/anaconda3/envs/aciar/lib/python3.11/site-packages/nbclient/client.py", line 1062, in async_execute_cell
    await self._check_raise_for_error(cell, cell_index, exec_reply)
  File "/opt/anaconda3/envs/aciar/lib/python3.11/site-packages/nbclient/client.py", line 918, in _check_raise_for_error
    raise CellExecutionError.from_cell_and_msg(cell, exec_reply_content)
nbclient.exceptions.CellExecutionError: An error occurred while executing the following cell:
------------------
```{code-cell}
:tags: ["hide-input"]
        
import pandas as pd
import pyproj

from bokeh.plotting import figure, show, output_notebook, ColumnDataSource
output_notebook()

occ = pd.read_csv('occ.csv',index_col=0)

psource = ColumnDataSource(pd.DataFrame(pyproj.transform(pyproj.Proj(init='epsg:4326'), pyproj.Proj(init='epsg:3857'), occ['lon'], occ['lat'])).transpose().rename(columns={0:'x',1:'y'}))

# range bounds supplied in web mercator coordinates
p = figure(x_range=(-2000000, 2000000), y_range=(100000, 700000),
           x_axis_type="mercator", y_axis_type="mercator")

p.add_tile("CartoDB Positron", retina=False)

p.circle('x', 'y', source=psource, color='red', size=10)

show(p)

```
------------------


[0;36m  Cell [0;32mIn[1], line 1[0;36m[0m
[0;31m    ```{code-cell}[0m
[0m    ^[0m
[0;31mSyntaxError[0m[0;31m:[0m invalid syntax


